[0.009s] Invoking command in '/home/anushka/ros2_beginner_2/robot_ws/build/my_robot_bringup': AMENT_PREFIX_PATH=/home/anushka/ros2_beginner_2/robot_ws/install/my_robot_description:${AMENT_PREFIX_PATH} CMAKE_PREFIX_PATH=/home/anushka/ros2_beginner_2/robot_ws/install/my_robot_description:/opt/ros/humble /usr/bin/cmake /home/anushka/ros2_beginner_2/robot_ws/src/my_robot_bringup -DCMAKE_INSTALL_PREFIX=/home/anushka/ros2_beginner_2/robot_ws/install/my_robot_bringup
[0.071s] -- The C compiler identification is GNU 11.4.0
[0.126s] -- The CXX compiler identification is GNU 11.4.0
[0.133s] -- Detecting C compiler ABI info
[0.212s] -- Detecting C compiler ABI info - done
[0.218s] -- Check for working C compiler: /usr/bin/cc - skipped
[0.218s] -- Detecting C compile features
[0.218s] -- Detecting C compile features - done
[0.220s] -- Detecting CXX compiler ABI info
[0.308s] -- Detecting CXX compiler ABI info - done
[0.313s] -- Check for working CXX compiler: /usr/bin/c++ - skipped
[0.313s] -- Detecting CXX compile features
[0.314s] -- Detecting CXX compile features - done
[0.316s] -- Found ament_cmake: 1.3.8 (/opt/ros/humble/share/ament_cmake/cmake)
[0.445s] -- Found Python3: /usr/bin/python3 (found version "3.10.12") found components: Interpreter 
[0.571s] -- Configuring done
[0.574s] -- Generating done
[0.575s] -- Build files have been written to: /home/anushka/ros2_beginner_2/robot_ws/build/my_robot_bringup
[0.579s] Invoked command in '/home/anushka/ros2_beginner_2/robot_ws/build/my_robot_bringup' returned '0': AMENT_PREFIX_PATH=/home/anushka/ros2_beginner_2/robot_ws/install/my_robot_description:${AMENT_PREFIX_PATH} CMAKE_PREFIX_PATH=/home/anushka/ros2_beginner_2/robot_ws/install/my_robot_description:/opt/ros/humble /usr/bin/cmake /home/anushka/ros2_beginner_2/robot_ws/src/my_robot_bringup -DCMAKE_INSTALL_PREFIX=/home/anushka/ros2_beginner_2/robot_ws/install/my_robot_bringup
[0.581s] Invoking command in '/home/anushka/ros2_beginner_2/robot_ws/build/my_robot_bringup': AMENT_PREFIX_PATH=/home/anushka/ros2_beginner_2/robot_ws/install/my_robot_description:${AMENT_PREFIX_PATH} CMAKE_PREFIX_PATH=/home/anushka/ros2_beginner_2/robot_ws/install/my_robot_description:/opt/ros/humble /usr/bin/cmake --build /home/anushka/ros2_beginner_2/robot_ws/build/my_robot_bringup -- -j4 -l4
[0.627s] Invoked command in '/home/anushka/ros2_beginner_2/robot_ws/build/my_robot_bringup' returned '0': AMENT_PREFIX_PATH=/home/anushka/ros2_beginner_2/robot_ws/install/my_robot_description:${AMENT_PREFIX_PATH} CMAKE_PREFIX_PATH=/home/anushka/ros2_beginner_2/robot_ws/install/my_robot_description:/opt/ros/humble /usr/bin/cmake --build /home/anushka/ros2_beginner_2/robot_ws/build/my_robot_bringup -- -j4 -l4
[0.655s] Invoking command in '/home/anushka/ros2_beginner_2/robot_ws/build/my_robot_bringup': AMENT_PREFIX_PATH=/home/anushka/ros2_beginner_2/robot_ws/install/my_robot_description:${AMENT_PREFIX_PATH} CMAKE_PREFIX_PATH=/home/anushka/ros2_beginner_2/robot_ws/install/my_robot_description:/opt/ros/humble /usr/bin/cmake --install /home/anushka/ros2_beginner_2/robot_ws/build/my_robot_bringup
[0.663s] -- Install configuration: ""
[0.664s] -- Installing: /home/anushka/ros2_beginner_2/robot_ws/install/my_robot_bringup/share/my_robot_bringup//launch
[0.664s] -- Installing: /home/anushka/ros2_beginner_2/robot_ws/install/my_robot_bringup/share/my_robot_bringup//launch/my_robot_gazebo.launch.xml
[0.664s] -- Installing: /home/anushka/ros2_beginner_2/robot_ws/install/my_robot_bringup/share/my_robot_bringup//rviz
[0.664s] -- Installing: /home/anushka/ros2_beginner_2/robot_ws/install/my_robot_bringup/share/my_robot_bringup//rviz/urdf_config.rviz
[0.664s] -- Installing: /home/anushka/ros2_beginner_2/robot_ws/install/my_robot_bringup/share/my_robot_bringup//worlds
[0.664s] -- Installing: /home/anushka/ros2_beginner_2/robot_ws/install/my_robot_bringup/share/my_robot_bringup//worlds/test_world.world
[0.664s] -- Installing: /home/anushka/ros2_beginner_2/robot_ws/install/my_robot_bringup/share/my_robot_bringup//worlds/my_world.world
[0.665s] -- Installing: /home/anushka/ros2_beginner_2/robot_ws/install/my_robot_bringup/share/ament_index/resource_index/package_run_dependencies/my_robot_bringup
[0.665s] -- Installing: /home/anushka/ros2_beginner_2/robot_ws/install/my_robot_bringup/share/ament_index/resource_index/parent_prefix_path/my_robot_bringup
[0.665s] -- Installing: /home/anushka/ros2_beginner_2/robot_ws/install/my_robot_bringup/share/my_robot_bringup/environment/ament_prefix_path.sh
[0.666s] -- Installing: /home/anushka/ros2_beginner_2/robot_ws/install/my_robot_bringup/share/my_robot_bringup/environment/ament_prefix_path.dsv
[0.666s] -- Installing: /home/anushka/ros2_beginner_2/robot_ws/install/my_robot_bringup/share/my_robot_bringup/environment/path.sh
[0.666s] -- Installing: /home/anushka/ros2_beginner_2/robot_ws/install/my_robot_bringup/share/my_robot_bringup/environment/path.dsv
[0.666s] -- Installing: /home/anushka/ros2_beginner_2/robot_ws/install/my_robot_bringup/share/my_robot_bringup/local_setup.bash
[0.666s] -- Installing: /home/anushka/ros2_beginner_2/robot_ws/install/my_robot_bringup/share/my_robot_bringup/local_setup.sh
[0.666s] -- Installing: /home/anushka/ros2_beginner_2/robot_ws/install/my_robot_bringup/share/my_robot_bringup/local_setup.zsh
[0.667s] -- Installing: /home/anushka/ros2_beginner_2/robot_ws/install/my_robot_bringup/share/my_robot_bringup/local_setup.dsv
[0.667s] -- Installing: /home/anushka/ros2_beginner_2/robot_ws/install/my_robot_bringup/share/my_robot_bringup/package.dsv
[0.667s] -- Installing: /home/anushka/ros2_beginner_2/robot_ws/install/my_robot_bringup/share/ament_index/resource_index/packages/my_robot_bringup
[0.667s] -- Installing: /home/anushka/ros2_beginner_2/robot_ws/install/my_robot_bringup/share/my_robot_bringup/cmake/my_robot_bringupConfig.cmake
[0.667s] -- Installing: /home/anushka/ros2_beginner_2/robot_ws/install/my_robot_bringup/share/my_robot_bringup/cmake/my_robot_bringupConfig-version.cmake
[0.668s] -- Installing: /home/anushka/ros2_beginner_2/robot_ws/install/my_robot_bringup/share/my_robot_bringup/package.xml
[0.670s] Invoked command in '/home/anushka/ros2_beginner_2/robot_ws/build/my_robot_bringup' returned '0': AMENT_PREFIX_PATH=/home/anushka/ros2_beginner_2/robot_ws/install/my_robot_description:${AMENT_PREFIX_PATH} CMAKE_PREFIX_PATH=/home/anushka/ros2_beginner_2/robot_ws/install/my_robot_description:/opt/ros/humble /usr/bin/cmake --install /home/anushka/ros2_beginner_2/robot_ws/build/my_robot_bringup
